<?xml version="1.0" encoding="UTF-8"?>
<!-- Generated by org.testng.reporters.JUnitReportReporter -->
<testsuite hostname="Arun" failures="0" tests="4" name="TestScript.HomePage" time="65.021" errors="0" timestamp="2023-03-06T09:04:31 IST" skipped="0">
  <testcase classname="TestScript.HomePage" name="cookies" time="11.500"/>
  <system-out/>
  <testcase classname="TestScript.HomePage" name="Header" time="21.000"/>
  <system-out/>
  <testcase classname="TestScript.HomePage" name="navOptions" time="0.279"/>
  <system-out/>
  <testcase classname="TestScript.HomePage" name="carousel" time="32.242"/>
  <system-out/>
</testsuite> <!-- TestScript.HomePage -->
